Startpoint: _559761_ (rising edge-triggered flip-flop clocked by clk_sys)
Endpoint: _560018_ (rising edge-triggered flip-flop clocked by clk_sys')
Path Group: clk_sys
Path Type: max
Corner: tt

  Delay    Time   Description
---------------------------------------------------------
   0.00    0.00   clock clk_sys (rise edge)
   1.27    1.27   clock network delay (propagated)
   0.00    1.27 ^ _559761_/CLK (sg13g2_dfrbpq_2)
   0.29    1.56 ^ _559761_/Q (sg13g2_dfrbpq_2)
   0.26    1.83 ^ fanout10106/X (sg13g2_buf_2)
   0.22    2.04 ^ _448400_/X (sg13g2_buf_2)
   0.34    2.38 ^ fanout10013/X (sg13g2_buf_2)
   0.43    2.81 ^ _448401_/X (sg13g2_buf_2)
   0.59    3.40 ^ fanout9676/X (sg13g2_buf_2)
   0.49    3.89 ^ _448402_/X (sg13g2_buf_2)
   0.59    4.47 ^ fanout7101/X (sg13g2_buf_2)
   0.49    4.97 v _460224_/X (sg13g2_mux4_1)
   0.27    5.23 v _460228_/X (sg13g2_mux4_1)
   0.31    5.54 v _460244_/X (sg13g2_mux4_1)
   0.50    6.04 v _460245_/X (sg13g2_mux4_1)
   0.55    6.60 v _460246_/X (sg13g2_mux4_1)
   0.14    6.74 ^ _460247_/Y (sg13g2_nand3_1)
   0.08    6.82 v _460248_/Y (sg13g2_o21ai_1)
   0.05    6.87 ^ _443566_/Y (sg13g2_inv_2)
   0.06    6.92 v _443568_/Y (sg13g2_o21ai_1)
   0.39    7.31 ^ _443573_/Y (sg13g2_o21ai_1)
   0.22    7.53 ^ _443574_/X (sg13g2_buf_2)
   0.16    7.69 ^ fanout478/X (sg13g2_buf_2)
   0.08    7.77 v _443936_/Y (sg13g2_o21ai_1)
   0.00    7.77 v _560018_/D (sg13g2_dfrbpq_2)
           7.77   data arrival time

   5.00    5.00   clock clk_sys' (rise edge)
   1.50    6.50   clock network delay (propagated)
   0.00    6.50   clock reconvergence pessimism
           6.50 ^ _560018_/CLK (sg13g2_dfrbpq_2)
  -0.12    6.38   library setup time
           6.38   data required time
---------------------------------------------------------
           6.38   data required time
          -7.77   data arrival time
---------------------------------------------------------
          -1.39   slack (VIOLATED)


